<?xml version="1.0" encoding="UTF-8"?>
<!-- Generated by org.testng.reporters.JUnitReportReporter -->
<testsuite hostname="DESKTOP-5KAGMJM" failures="0" tests="1" name="tests.standalonetest" time="13.422" errors="0" timestamp="2024-03-25T12:36:09 IST" skipped="0">
  <testcase classname="tests.standalonetest" name="submitOrder" time="13.422"/>
</testsuite> <!-- tests.standalonetest -->
